\BOOKMARK [0][-]{MUTESCHAPTER.1.0}{\376\377\000A\000g\000r\000a\000d\000e\000c\000i\000m\000e\000n\000t\000o\000s}{}% 1
\BOOKMARK [0][-]{MUTESCHAPTER.2.0}{\376\377\000R\000e\000s\000u\000m\000o}{}% 2
\BOOKMARK [0][-]{MUTESCHAPTER.3.0}{\376\377\000A\000b\000s\000t\000r\000a\000c\000t}{}% 3
\BOOKMARK [0][-]{MUTESCHAPTER.4.0}{\376\377\000L\000i\000s\000t\000a\000\040\000d\000e\000\040\000A\000b\000r\000e\000v\000i\000a\000t\000u\000r\000a\000s\000\040\000e\000\040\000S\000i\000g\000l\000a\000s}{}% 4
\BOOKMARK [0][-]{MUTESCHAPTER.5.0}{\376\377\000L\000i\000s\000t\000a\000\040\000d\000e\000\040\000F\000i\000g\000u\000r\000a\000s}{}% 5
\BOOKMARK [0][-]{MUTESCHAPTER.6.0}{\376\377\000L\000i\000s\000t\000a\000\040\000d\000e\000\040\000T\000a\000b\000e\000l\000a\000s}{}% 6
\BOOKMARK [0][-]{MUTESCHAPTER.7.0}{\376\377\000S\000u\000m\000\341\000r\000i\000o}{}% 7
\BOOKMARK [0][-]{CHAPTER.1}{\376\377\0001\000\040\000I\000n\000t\000r\000o\000d\000u\000\347\000\343\000o}{}% 8
\BOOKMARK [1][-]{section.1.1}{\376\377\0001\000.\0001\000\040\000O\000b\000j\000e\000t\000i\000v\000o\000s}{CHAPTER.1}% 9
\BOOKMARK [1][-]{section.1.2}{\376\377\0001\000.\0002\000\040\000J\000u\000s\000t\000i\000f\000i\000c\000a\000t\000i\000v\000a}{CHAPTER.1}% 10
\BOOKMARK [1][-]{section.1.3}{\376\377\0001\000.\0003\000\040\000E\000x\000p\000e\000c\000t\000a\000t\000i\000v\000a\000s}{CHAPTER.1}% 11
\BOOKMARK [0][-]{CHAPTER.2}{\376\377\0002\000\040\000C\000o\000n\000t\000e\000x\000t\000o\000\040\000d\000a\000\040\000P\000e\000s\000q\000u\000i\000s\000a}{}% 12
\BOOKMARK [1][-]{section.2.1}{\376\377\0002\000.\0001\000\040\000O\000\040\000p\000r\000o\000c\000e\000s\000s\000a\000d\000o\000r\000\040\000m\000i\000n\000i\000M\000I\000P\000S}{CHAPTER.2}% 13
\BOOKMARK [1][-]{section.2.2}{\376\377\0002\000.\0002\000\040\000A\000\040\000O\000r\000i\000g\000e\000m\000\040\000d\000e\000\040\000t\000u\000d\000o\000:\000\040\000A\000s\000\040\0003\000\040\000c\000a\000u\000s\000a\000s\000\040\000d\000e\000\040\000p\000r\000o\000b\000l\000e\000m\000a\000s\000\040\000c\000o\000m\000\040\000a\000\040\000r\000a\000d\000i\000a\000\347\000\343\000o\000\040\000c\000\363\000s\000m\000i\000c\000a}{CHAPTER.2}% 14
\BOOKMARK [1][-]{section.2.3}{\376\377\0002\000.\0003\000\040\000B\000a\000c\000k\000g\000r\000o\000u\000n\000d\000\040\000d\000e\000\040\000t\000o\000l\000e\000r\000\342\000n\000c\000i\000a\000\040\000a\000\040\000f\000a\000l\000h\000a\000s}{CHAPTER.2}% 15
\BOOKMARK [2][-]{subsection.2.3.1}{\376\377\0002\000.\0003\000.\0001\000\040\000R\000a\000d\000i\000a\000\347\000\343\000o\000\040\000e\000\040\000E\000f\000e\000i\000t\000o\000s}{section.2.3}% 16
\BOOKMARK [2][-]{subsection.2.3.2}{\376\377\0002\000.\0003\000.\0002\000\040\000E\000l\000e\000t\000r\000\364\000n\000i\000c\000a\000,\000\040\000S\000E\000U\000s\000\040\000e\000\040\000S\000E\000T\000s}{section.2.3}% 17
\BOOKMARK [2][-]{subsection.2.3.3}{\376\377\0002\000.\0003\000.\0003\000\040\000M\000\351\000t\000r\000i\000c\000a\000s\000\040\000p\000a\000r\000a\000\040\000a\000v\000a\000l\000i\000a\000r\000\040\000s\000u\000s\000c\000e\000t\000i\000b\000i\000l\000i\000d\000a\000d\000e\000\040\000d\000o\000s\000\040\000c\000i\000r\000c\000u\000i\000t\000o\000s}{section.2.3}% 18
\BOOKMARK [2][-]{subsection.2.3.4}{\376\377\0002\000.\0003\000.\0004\000\040\000T\000\351\000c\000n\000i\000c\000a\000s\000\040\000d\000e\000\040\000d\000e\000t\000e\000c\000\347\000\343\000o\000\040\000d\000e\000\040\000e\000r\000r\000o\000s\000\040\000e\000m\000\040\000p\000r\000o\000c\000e\000s\000s\000a\000d\000o\000r\000e\000s}{section.2.3}% 19
\BOOKMARK [2][-]{subsection.2.3.5}{\376\377\0002\000.\0003\000.\0005\000\040\000T\000\351\000c\000n\000i\000c\000a\000s\000\040\000d\000e\000\040\000m\000i\000t\000i\000g\000a\000\347\000\343\000o\000\040\000p\000a\000r\000a\000\040\000S\000E\000U\000s\000\040\000e\000\040\000S\000E\000T\000s\000\040\000e\000m\000\040\000p\000r\000o\000c\000e\000s\000s\000a\000d\000o\000r\000e\000s}{section.2.3}% 20
\BOOKMARK [0][-]{CHAPTER.3}{\376\377\0003\000\040\000R\000o\000b\000u\000s\000t\000e\000c\000i\000m\000e\000n\000t\000o\000\040\000d\000e\000\040\000P\000r\000o\000c\000e\000s\000s\000a\000d\000o\000r\000e\000s\000\040\000C\000o\000n\000t\000r\000a\000\040\000E\000f\000e\000i\000t\000o\000s\000\040\000d\000a\000\040\000R\000a\000d\000i\000a\000\347\000\343\000o\000\040\000C\000\363\000s\000m\000i\000c\000a}{}% 21
\BOOKMARK [1][-]{section.3.1}{\376\377\0003\000.\0001\000\040\000P\000r\000o\000t\000e\000\347\000\365\000e\000s\000\040\000e\000m\000\040\000h\000a\000r\000d\000w\000a\000r\000e}{CHAPTER.3}% 22
\BOOKMARK [1][-]{section.3.2}{\376\377\0003\000.\0002\000\040\000P\000r\000o\000t\000e\000\347\000\365\000e\000s\000\040\000e\000m\000\040\000s\000o\000f\000t\000w\000a\000r\000e}{CHAPTER.3}% 23
\BOOKMARK [1][-]{section.3.3}{\376\377\0003\000.\0003\000\040\000F\000r\000a\000g\000i\000l\000i\000d\000a\000d\000e\000s\000\040\000d\000a\000s\000\040\000p\000r\000o\000t\000e\000\347\000\365\000e\000s\000\040\000e\000m\000\040\000h\000a\000r\000d\000w\000a\000r\000e\000\040\000e\000\040\000s\000o\000f\000t\000w\000a\000r\000e}{CHAPTER.3}% 24
\BOOKMARK [0][-]{CHAPTER.4}{\376\377\0004\000\040\000H\000a\000r\000d\000w\000a\000r\000e\000\040\000A\000d\000a\000p\000t\000a\000t\000i\000v\000o\000\040\000p\000a\000r\000a\000\040\000T\000o\000l\000e\000r\000\342\000n\000c\000i\000a\000\040\000a\000\040\000F\000a\000l\000h\000a\000s}{}% 25
\BOOKMARK [1][-]{section.4.1}{\376\377\0004\000.\0001\000\040\000P\000o\000r\000q\000u\000e\000\040\000a\000d\000a\000p\000t\000a\000t\000i\000v\000o\000?}{CHAPTER.4}% 26
\BOOKMARK [1][-]{section.4.2}{\376\377\0004\000.\0002\000\040\000A\000r\000q\000u\000i\000t\000e\000t\000u\000r\000a\000\040\000p\000r\000o\000p\000o\000s\000t\000a}{CHAPTER.4}% 27
\BOOKMARK [2][-]{subsection.4.2.1}{\376\377\0004\000.\0002\000.\0001\000\040\000M\000\341\000q\000u\000i\000n\000a\000\040\000d\000e\000\040\000e\000s\000t\000a\000d\000o\000s\000\040\000p\000a\000r\000a\000\040\000a\000\040\000t\000\351\000c\000n\000i\000c\000a\000\040\000E\000D\000D\000I}{section.4.2}% 28
\BOOKMARK [2][-]{subsection.4.2.2}{\376\377\0004\000.\0002\000.\0002\000\040\000M\000\341\000q\000u\000i\000n\000a\000\040\000d\000e\000\040\000e\000s\000t\000a\000d\000o\000s\000\040\000p\000a\000r\000a\000\040\000a\000\040\000t\000\351\000c\000n\000i\000c\000a\000\040\0002}{section.4.2}% 29
\BOOKMARK [2][-]{subsection.4.2.3}{\376\377\0004\000.\0002\000.\0003\000\040\000M\000\341\000q\000u\000i\000n\000a\000\040\000d\000e\000\040\000e\000s\000t\000a\000d\000o\000s\000\040\000p\000a\000r\000a\000\040\000a\000\040\000t\000\351\000c\000n\000i\000c\000a\000\040\0003}{section.4.2}% 30
\BOOKMARK [1][-]{section.4.3}{\376\377\0004\000.\0003\000\040\000M\000e\000t\000o\000d\000o\000l\000o\000g\000i\000a\000\040\000d\000e\000\040\000v\000e\000r\000i\000f\000i\000c\000a\000\347\000\343\000o\000\040\000a\000d\000a\000p\000t\000a\000d\000a\000\040\000a\000\040\000u\000m\000a\000\040\000c\000a\000m\000p\000a\000n\000h\000a\000\040\000d\000e\000\040\000i\000n\000j\000e\000\347\000\343\000o\000\040\000d\000e\000\040\000f\000a\000l\000h\000a\000s}{CHAPTER.4}% 31
\BOOKMARK [2][-]{subsection.4.3.1}{\376\377\0004\000.\0003\000.\0001\000\040\000M\000e\000t\000o\000d\000o\000l\000o\000g\000i\000a\000\040\000d\000e\000\040\000V\000e\000r\000i\000f\000i\000c\000a\000\347\000\343\000o\000\040\000U\000n\000i\000v\000e\000r\000s\000a\000l}{section.4.3}% 32
\BOOKMARK [2][-]{subsection.4.3.2}{\376\377\0004\000.\0003\000.\0002\000\040\000E\000x\000p\000e\000r\000i\000m\000e\000n\000t\000o\000s\000\040\000d\000e\000\040\000i\000n\000j\000e\000\347\000\343\000o\000\040\000d\000e\000\040\000f\000a\000l\000h\000a\000s\000\040\000e\000m\000\040\000s\000i\000m\000u\000l\000a\000\347\000\343\000o}{section.4.3}% 33
\BOOKMARK [3][-]{subsubsection.4.3.2.1}{\376\377\0004\000.\0003\000.\0002\000.\0001\000\040\000B\000i\000b\000l\000i\000o\000t\000e\000c\000a\000\040\000d\000e\000\040\000i\000n\000j\000e\000\347\000\343\000o\000\040\000d\000e\000\040\000f\000a\000l\000h\000a\000s\000\040\000u\000s\000a\000n\000d\000o\000\040\000V\000P\000I}{subsection.4.3.2}% 34
\BOOKMARK [3][-]{subsubsection.4.3.2.2}{\376\377\0004\000.\0003\000.\0002\000.\0002\000\040\000P\000r\000e\000m\000i\000s\000s\000a\000s\000\040\000a\000o\000\040\000s\000e\000\040\000i\000n\000j\000e\000t\000a\000r\000\040\000f\000a\000l\000h\000a\000s}{subsection.4.3.2}% 35
\BOOKMARK [1][-]{section.4.4}{\376\377\0004\000.\0004\000\040\000I\000n\000t\000e\000g\000r\000a\000n\000d\000o\000\040\000a\000s\000\040\000m\000\341\000q\000u\000i\000n\000a\000s\000\040\000d\000e\000\040\000e\000s\000t\000a\000d\000o\000s\000\040\000p\000r\000o\000p\000o\000s\000t\000a\000s}{CHAPTER.4}% 36
\BOOKMARK [0][-]{CHAPTER.5}{\376\377\0005\000\040\000A\000n\000\341\000l\000i\000s\000e\000\040\000e\000\040\000R\000e\000s\000u\000l\000t\000a\000d\000o\000s\000\040\000d\000a\000\040\000P\000e\000s\000q\000u\000i\000s\000a}{}% 37
\BOOKMARK [1][-]{section.5.1}{\376\377\0005\000.\0001\000\040\000C\000a\000s\000o\000s\000\040\000d\000e\000\040\000t\000e\000s\000t\000e\000\040\000u\000s\000a\000n\000d\000o\000\040\000o\000\040\000m\000\363\000d\000u\000l\000o\000\040\000R\000a\000d\000F\000T\000A\000H}{CHAPTER.5}% 38
\BOOKMARK [0][-]{CHAPTER.6}{\376\377\0006\000\040\000C\000o\000n\000c\000l\000u\000s\000\343\000o}{}% 39
\BOOKMARK [1][-]{section.6.1}{\376\377\0006\000.\0001\000\040\000T\000r\000a\000b\000a\000l\000h\000o\000s\000\040\000F\000u\000t\000u\000r\000o\000s}{CHAPTER.6}% 40
\BOOKMARK [0][-]{CHAPTER.7}{\376\377\0007\000\040\000E\000x\000e\000m\000p\000l\000o\000s\000\040\000d\000e\000\040\000U\000s\000o\000\040\000d\000o\000\040\000L\000a\000T\000e\000X}{}% 41
\BOOKMARK [1][-]{section.7.1}{\376\377\0007\000.\0001\000\040\000F\000i\000g\000u\000r\000a\000s\000\040\000e\000\040\000t\000a\000b\000e\000l\000a\000s}{CHAPTER.7}% 42
\BOOKMARK [2][-]{subsection.7.1.1}{\376\377\0007\000.\0001\000.\0001\000\040\000F\000o\000r\000m\000a\000t\000o\000\040\000d\000e\000\040\000F\000i\000g\000u\000r\000a\000s}{section.7.1}% 43
\BOOKMARK [2][-]{subsection.7.1.2}{\376\377\0007\000.\0001\000.\0002\000\040\000C\000l\000a\000s\000s\000i\000f\000i\000c\000a\000\347\000\343\000o\000\040\000d\000o\000s\000\040\000e\000t\000c\000.}{section.7.1}% 44
\BOOKMARK [1][-]{section.7.2}{\376\377\0007\000.\0002\000\040\000S\000o\000b\000r\000e\000\040\000a\000s\000\040\000r\000e\000f\000e\000r\000\352\000n\000c\000i\000a\000s\000\040\000b\000i\000b\000l\000i\000o\000g\000r\000\341\000f\000i\000c\000a\000s}{CHAPTER.7}% 45
\BOOKMARK [0][-]{schapter.8}{\376\377\000R\000e\000f\000e\000r\000\352\000n\000c\000i\000a\000s}{}% 46
\BOOKMARK [0][-]{CHAPTER.A}{\376\377\000A\000p\000\352\000n\000d\000i\000c\000e\000\040\000A\000\040\040\024\000\040\000C\000O\000N\000T\000R\000I\000B\000U\000I\000\307\000\325\000E\000S}{}% 47
